[2025-12-11 01:12:56] Upload completato con successo | Data: {"file_name":"1765411976_BBBdist2.png","category":"adulti","size":48219}
[2025-12-11 01:17:10] Upload completato con successo | Data: {"file_name":"1765412230_SoundCloudAvatar.png","category":"adulti","size":178767}
[2025-12-11 01:18:51] Upload completato con successo | Data: {"file_name":"1765412330989_coverblur.png","category":"adulti","size":3333792}
[2025-12-11 16:29:33] File troppo grande | Data: {"size":6449990,"max_size":5242880}
[2025-12-11 16:29:33] Errore upload: File troppo grande. Dimensione massima: 5MB | Data: {"error":"File troppo grande. Dimensione massima: 5MB","trace":"#0 {main}"}
[2025-12-11 16:31:58] Upload completato con successo | Data: {"file_name":"1765467118651_insta2.2.png","category":"adulti","size":6449990}
[2025-12-11 16:37:52] Upload completato con successo | Data: {"file_name":"1765467472069_blues-personal-pack.png","category":"adulti","size":1738702}
[2025-12-11 16:39:28] Upload completato con successo | Data: {"file_name":"1765467568355_logoegradient2.png","category":"adulti","size":64405}
[2025-12-11 16:40:52] Upload completato con successo | Data: {"file_name":"1765467652625_avatar.png","category":"adulti","size":79412}
[2025-12-11 16:42:03] Upload completato con successo | Data: {"file_name":"1765467723089_unnamed.png","category":"adulti","size":95181}
[2025-12-11 16:42:25] Upload completato con successo | Data: {"file_name":"1765467745223_story.png","category":"adulti","size":377687}
[2025-12-11 16:43:29] Upload completato con successo | Data: {"file_name":"1765467809855_senza-titolo-1.png","category":"adulti","size":19311}
[2025-12-11 16:44:32] Upload completato con successo | Data: {"file_name":"1765467872429_story.png","category":"adulti","size":377687}
[2025-12-11 17:01:39] Upload completato con successo | Data: {"file_name":"1765468899444_avatar.png","category":"adulti","size":79412}
[2025-12-11 17:02:11] Upload completato con successo | Data: {"file_name":"1765468931119_story.png","category":"adulti","size":377687}
[2025-12-12 17:09:01] Upload completato con successo | Data: {"file_name":"1765555741288_senza-titolo-1.png","category":"adulti","size":19311}
[2025-12-12 17:16:48] Upload completato con successo | Data: {"file_name":"1765556208002_senza-titolo-1.png","category":"adulti","size":19311}
[2025-12-12 17:17:37] Upload completato con successo | Data: {"file_name":"1765556257633_senza-titolo-1.png","category":"adulti","size":19311}
[2025-12-12 17:31:01] Upload completato con successo | Data: {"file_name":"1765557061741_senza-titolo-1.png","category":"adulti","size":19311}
[2025-12-12 17:36:03] Upload completato con successo | Data: {"file_name":"1765557363516_senza-titolo-1.png","category":"adulti","size":19311}
